Jan 30 2022 12:12:54
{"type":8192,"message":"ltrim(): Passing null to parameter #1 ($string) of type string is deprecated","file":"\/Users\/pepic__ervin\/Documents\/Development\/Web_dev\/PHP_apps\/WordpressProjects\/GlobeAbc\/wp-includes\/wp-db.php","line":3030}

Jan 30 2022 12:12:56
{"type":8192,"message":"ltrim(): Passing null to parameter #1 ($string) of type string is deprecated","file":"\/Users\/pepic__ervin\/Documents\/Development\/Web_dev\/PHP_apps\/WordpressProjects\/GlobeAbc\/wp-includes\/wp-db.php","line":3030}

Jan 30 2022 12:12:57
{"type":8192,"message":"ltrim(): Passing null to parameter #1 ($string) of type string is deprecated","file":"\/Users\/pepic__ervin\/Documents\/Development\/Web_dev\/PHP_apps\/WordpressProjects\/GlobeAbc\/wp-includes\/wp-db.php","line":3030}

Jan 30 2022 12:12:58
{"type":8192,"message":"ltrim(): Passing null to parameter #1 ($string) of type string is deprecated","file":"\/Users\/pepic__ervin\/Documents\/Development\/Web_dev\/PHP_apps\/WordpressProjects\/GlobeAbc\/wp-includes\/wp-db.php","line":3030}

Jan 30 2022 12:12:59
{"type":8192,"message":"ltrim(): Passing null to parameter #1 ($string) of type string is deprecated","file":"\/Users\/pepic__ervin\/Documents\/Development\/Web_dev\/PHP_apps\/WordpressProjects\/GlobeAbc\/wp-includes\/wp-db.php","line":3030}

Jan 30 2022 12:13:00
{"type":8192,"message":"ltrim(): Passing null to parameter #1 ($string) of type string is deprecated","file":"\/Users\/pepic__ervin\/Documents\/Development\/Web_dev\/PHP_apps\/WordpressProjects\/GlobeAbc\/wp-includes\/wp-db.php","line":3030}

Jan 30 2022 12:13:02
{"type":8192,"message":"ltrim(): Passing null to parameter #1 ($string) of type string is deprecated","file":"\/Users\/pepic__ervin\/Documents\/Development\/Web_dev\/PHP_apps\/WordpressProjects\/GlobeAbc\/wp-includes\/wp-db.php","line":3030}

Jan 30 2022 12:13:03
{"type":8192,"message":"ltrim(): Passing null to parameter #1 ($string) of type string is deprecated","file":"\/Users\/pepic__ervin\/Documents\/Development\/Web_dev\/PHP_apps\/WordpressProjects\/GlobeAbc\/wp-includes\/wp-db.php","line":3030}

Jan 30 2022 12:13:04
{"type":8192,"message":"ltrim(): Passing null to parameter #1 ($string) of type string is deprecated","file":"\/Users\/pepic__ervin\/Documents\/Development\/Web_dev\/PHP_apps\/WordpressProjects\/GlobeAbc\/wp-includes\/wp-db.php","line":3030}

Jan 30 2022 12:13:05
{"type":8192,"message":"ltrim(): Passing null to parameter #1 ($string) of type string is deprecated","file":"\/Users\/pepic__ervin\/Documents\/Development\/Web_dev\/PHP_apps\/WordpressProjects\/GlobeAbc\/wp-includes\/wp-db.php","line":3030}

Jan 30 2022 12:13:06
{"type":8192,"message":"ltrim(): Passing null to parameter #1 ($string) of type string is deprecated","file":"\/Users\/pepic__ervin\/Documents\/Development\/Web_dev\/PHP_apps\/WordpressProjects\/GlobeAbc\/wp-includes\/wp-db.php","line":3030}

Jan 30 2022 12:13:07
{"type":8192,"message":"ltrim(): Passing null to parameter #1 ($string) of type string is deprecated","file":"\/Users\/pepic__ervin\/Documents\/Development\/Web_dev\/PHP_apps\/WordpressProjects\/GlobeAbc\/wp-includes\/wp-db.php","line":3030}

Jan 30 2022 12:13:09
{"type":8192,"message":"ltrim(): Passing null to parameter #1 ($string) of type string is deprecated","file":"\/Users\/pepic__ervin\/Documents\/Development\/Web_dev\/PHP_apps\/WordpressProjects\/GlobeAbc\/wp-includes\/wp-db.php","line":3030}

Jan 30 2022 12:13:10
{"type":8192,"message":"ltrim(): Passing null to parameter #1 ($string) of type string is deprecated","file":"\/Users\/pepic__ervin\/Documents\/Development\/Web_dev\/PHP_apps\/WordpressProjects\/GlobeAbc\/wp-includes\/wp-db.php","line":3030}

Jan 30 2022 12:13:11
{"type":8192,"message":"ltrim(): Passing null to parameter #1 ($string) of type string is deprecated","file":"\/Users\/pepic__ervin\/Documents\/Development\/Web_dev\/PHP_apps\/WordpressProjects\/GlobeAbc\/wp-includes\/wp-db.php","line":3030}

Jan 30 2022 12:13:12
{"type":8192,"message":"ltrim(): Passing null to parameter #1 ($string) of type string is deprecated","file":"\/Users\/pepic__ervin\/Documents\/Development\/Web_dev\/PHP_apps\/WordpressProjects\/GlobeAbc\/wp-includes\/wp-db.php","line":3030}

Jan 30 2022 12:13:13
{"type":8192,"message":"ltrim(): Passing null to parameter #1 ($string) of type string is deprecated","file":"\/Users\/pepic__ervin\/Documents\/Development\/Web_dev\/PHP_apps\/WordpressProjects\/GlobeAbc\/wp-includes\/wp-db.php","line":3030}

Jan 30 2022 12:13:14
{"type":8192,"message":"ltrim(): Passing null to parameter #1 ($string) of type string is deprecated","file":"\/Users\/pepic__ervin\/Documents\/Development\/Web_dev\/PHP_apps\/WordpressProjects\/GlobeAbc\/wp-includes\/wp-db.php","line":3030}

Jan 30 2022 12:13:15
{"type":8192,"message":"ltrim(): Passing null to parameter #1 ($string) of type string is deprecated","file":"\/Users\/pepic__ervin\/Documents\/Development\/Web_dev\/PHP_apps\/WordpressProjects\/GlobeAbc\/wp-includes\/wp-db.php","line":3030}

Jan 30 2022 12:13:17
{"type":8192,"message":"ltrim(): Passing null to parameter #1 ($string) of type string is deprecated","file":"\/Users\/pepic__ervin\/Documents\/Development\/Web_dev\/PHP_apps\/WordpressProjects\/GlobeAbc\/wp-includes\/wp-db.php","line":3030}

Jan 30 2022 12:13:18
{"type":8192,"message":"ltrim(): Passing null to parameter #1 ($string) of type string is deprecated","file":"\/Users\/pepic__ervin\/Documents\/Development\/Web_dev\/PHP_apps\/WordpressProjects\/GlobeAbc\/wp-includes\/wp-db.php","line":3030}

Jan 30 2022 12:13:19
{"type":8192,"message":"ltrim(): Passing null to parameter #1 ($string) of type string is deprecated","file":"\/Users\/pepic__ervin\/Documents\/Development\/Web_dev\/PHP_apps\/WordpressProjects\/GlobeAbc\/wp-includes\/wp-db.php","line":3030}

Jan 30 2022 12:13:20
{"type":8192,"message":"ltrim(): Passing null to parameter #1 ($string) of type string is deprecated","file":"\/Users\/pepic__ervin\/Documents\/Development\/Web_dev\/PHP_apps\/WordpressProjects\/GlobeAbc\/wp-includes\/wp-db.php","line":3030}

Jan 30 2022 12:13:21
{"type":8192,"message":"ltrim(): Passing null to parameter #1 ($string) of type string is deprecated","file":"\/Users\/pepic__ervin\/Documents\/Development\/Web_dev\/PHP_apps\/WordpressProjects\/GlobeAbc\/wp-includes\/wp-db.php","line":3030}

Jan 30 2022 12:13:22
{"type":8192,"message":"ltrim(): Passing null to parameter #1 ($string) of type string is deprecated","file":"\/Users\/pepic__ervin\/Documents\/Development\/Web_dev\/PHP_apps\/WordpressProjects\/GlobeAbc\/wp-includes\/wp-db.php","line":3030}

Jan 30 2022 12:13:23
{"type":8192,"message":"ltrim(): Passing null to parameter #1 ($string) of type string is deprecated","file":"\/Users\/pepic__ervin\/Documents\/Development\/Web_dev\/PHP_apps\/WordpressProjects\/GlobeAbc\/wp-includes\/wp-db.php","line":3030}

Jan 30 2022 12:13:25
{"type":8192,"message":"ltrim(): Passing null to parameter #1 ($string) of type string is deprecated","file":"\/Users\/pepic__ervin\/Documents\/Development\/Web_dev\/PHP_apps\/WordpressProjects\/GlobeAbc\/wp-includes\/wp-db.php","line":3030}

Jan 30 2022 12:13:26
{"type":8192,"message":"ltrim(): Passing null to parameter #1 ($string) of type string is deprecated","file":"\/Users\/pepic__ervin\/Documents\/Development\/Web_dev\/PHP_apps\/WordpressProjects\/GlobeAbc\/wp-includes\/wp-db.php","line":3030}

Jan 30 2022 12:13:27
{"type":8192,"message":"ltrim(): Passing null to parameter #1 ($string) of type string is deprecated","file":"\/Users\/pepic__ervin\/Documents\/Development\/Web_dev\/PHP_apps\/WordpressProjects\/GlobeAbc\/wp-includes\/wp-db.php","line":3030}

Jan 30 2022 12:13:28
{"type":8192,"message":"ltrim(): Passing null to parameter #1 ($string) of type string is deprecated","file":"\/Users\/pepic__ervin\/Documents\/Development\/Web_dev\/PHP_apps\/WordpressProjects\/GlobeAbc\/wp-includes\/wp-db.php","line":3030}

Jan 30 2022 12:13:29
{"type":8192,"message":"ltrim(): Passing null to parameter #1 ($string) of type string is deprecated","file":"\/Users\/pepic__ervin\/Documents\/Development\/Web_dev\/PHP_apps\/WordpressProjects\/GlobeAbc\/wp-includes\/wp-db.php","line":3030}

Jan 30 2022 12:13:30
{"type":8192,"message":"ltrim(): Passing null to parameter #1 ($string) of type string is deprecated","file":"\/Users\/pepic__ervin\/Documents\/Development\/Web_dev\/PHP_apps\/WordpressProjects\/GlobeAbc\/wp-includes\/wp-db.php","line":3030}

Jan 30 2022 12:13:32
{"Number":8192,"Message":"Return type of ActionScheduler_DateTime::setTimezone($timezone) should either be compatible with DateTime::setTimezone(DateTimeZone $timezone): DateTime, or the #[\\ReturnTypeWillChange] attribute should be used to temporarily suppress the notice","File":"\/Users\/pepic__ervin\/Documents\/Development\/Web_dev\/PHP_apps\/WordpressProjects\/GlobeAbc\/wp-content\/plugins\/woocommerce\/packages\/action-scheduler\/classes\/ActionScheduler_DateTime.php","Line":60}

Jan 30 2022 12:13:32
{"Number":8192,"Message":"Return type of ActionScheduler_DateTime::getOffset() should either be compatible with DateTime::getOffset(): int, or the #[\\ReturnTypeWillChange] attribute should be used to temporarily suppress the notice","File":"\/Users\/pepic__ervin\/Documents\/Development\/Web_dev\/PHP_apps\/WordpressProjects\/GlobeAbc\/wp-content\/plugins\/woocommerce\/packages\/action-scheduler\/classes\/ActionScheduler_DateTime.php","Line":48}

Jan 30 2022 12:13:32
{"Number":8192,"Message":"Return type of ActionScheduler_DateTime::getTimestamp() should either be compatible with DateTime::getTimestamp(): int, or the #[\\ReturnTypeWillChange] attribute should be used to temporarily suppress the notice","File":"\/Users\/pepic__ervin\/Documents\/Development\/Web_dev\/PHP_apps\/WordpressProjects\/GlobeAbc\/wp-content\/plugins\/woocommerce\/packages\/action-scheduler\/classes\/ActionScheduler_DateTime.php","Line":27}

Jan 30 2022 12:13:32
{"Number":8192,"Message":"DateTime::__construct(): Passing null to parameter #1 ($datetime) of type string is deprecated","File":"\/Users\/pepic__ervin\/Documents\/Development\/Web_dev\/PHP_apps\/WordpressProjects\/GlobeAbc\/wp-content\/plugins\/woocommerce\/packages\/action-scheduler\/functions.php","Line":316}

Jan 30 2022 12:13:32
{"type":8192,"message":"ltrim(): Passing null to parameter #1 ($string) of type string is deprecated","file":"\/Users\/pepic__ervin\/Documents\/Development\/Web_dev\/PHP_apps\/WordpressProjects\/GlobeAbc\/wp-includes\/wp-db.php","line":3030}

Jan 30 2022 12:13:33
{"type":8192,"message":"ltrim(): Passing null to parameter #1 ($string) of type string is deprecated","file":"\/Users\/pepic__ervin\/Documents\/Development\/Web_dev\/PHP_apps\/WordpressProjects\/GlobeAbc\/wp-includes\/wp-db.php","line":3030}

Jan 30 2022 12:13:34
{"type":8192,"message":"ltrim(): Passing null to parameter #1 ($string) of type string is deprecated","file":"\/Users\/pepic__ervin\/Documents\/Development\/Web_dev\/PHP_apps\/WordpressProjects\/GlobeAbc\/wp-includes\/wp-db.php","line":3030}

Jan 30 2022 12:13:35
{"type":8192,"message":"ltrim(): Passing null to parameter #1 ($string) of type string is deprecated","file":"\/Users\/pepic__ervin\/Documents\/Development\/Web_dev\/PHP_apps\/WordpressProjects\/GlobeAbc\/wp-includes\/wp-db.php","line":3030}

Jan 30 2022 12:13:36
{"type":8192,"message":"ltrim(): Passing null to parameter #1 ($string) of type string is deprecated","file":"\/Users\/pepic__ervin\/Documents\/Development\/Web_dev\/PHP_apps\/WordpressProjects\/GlobeAbc\/wp-includes\/wp-db.php","line":3030}

Jan 30 2022 12:13:37
{"type":8192,"message":"ltrim(): Passing null to parameter #1 ($string) of type string is deprecated","file":"\/Users\/pepic__ervin\/Documents\/Development\/Web_dev\/PHP_apps\/WordpressProjects\/GlobeAbc\/wp-includes\/wp-db.php","line":3030}

Jan 30 2022 12:13:38
{"type":8192,"message":"ltrim(): Passing null to parameter #1 ($string) of type string is deprecated","file":"\/Users\/pepic__ervin\/Documents\/Development\/Web_dev\/PHP_apps\/WordpressProjects\/GlobeAbc\/wp-includes\/wp-db.php","line":3030}

Jan 30 2022 12:13:40
{"type":8192,"message":"ltrim(): Passing null to parameter #1 ($string) of type string is deprecated","file":"\/Users\/pepic__ervin\/Documents\/Development\/Web_dev\/PHP_apps\/WordpressProjects\/GlobeAbc\/wp-includes\/wp-db.php","line":3030}

Jan 30 2022 12:13:41
{"type":8192,"message":"ltrim(): Passing null to parameter #1 ($string) of type string is deprecated","file":"\/Users\/pepic__ervin\/Documents\/Development\/Web_dev\/PHP_apps\/WordpressProjects\/GlobeAbc\/wp-includes\/wp-db.php","line":3030}

Jan 30 2022 12:13:41
{"type":8192,"message":"ltrim(): Passing null to parameter #1 ($string) of type string is deprecated","file":"\/Users\/pepic__ervin\/Documents\/Development\/Web_dev\/PHP_apps\/WordpressProjects\/GlobeAbc\/wp-includes\/wp-db.php","line":3030}

Jan 30 2022 12:13:45
{"type":8192,"message":"ltrim(): Passing null to parameter #1 ($string) of type string is deprecated","file":"\/Users\/pepic__ervin\/Documents\/Development\/Web_dev\/PHP_apps\/WordpressProjects\/GlobeAbc\/wp-includes\/wp-db.php","line":3030}

Jan 30 2022 12:39:29
{"Number":8192,"Message":"Return type of ActionScheduler_DateTime::setTimezone($timezone) should either be compatible with DateTime::setTimezone(DateTimeZone $timezone): DateTime, or the #[\\ReturnTypeWillChange] attribute should be used to temporarily suppress the notice","File":"\/Users\/pepic__ervin\/Documents\/Development\/Web_dev\/PHP_apps\/WordpressProjects\/GlobeAbc\/wp-content\/plugins\/woocommerce\/packages\/action-scheduler\/classes\/ActionScheduler_DateTime.php","Line":60}

Jan 30 2022 12:39:29
{"Number":8192,"Message":"Return type of ActionScheduler_DateTime::getOffset() should either be compatible with DateTime::getOffset(): int, or the #[\\ReturnTypeWillChange] attribute should be used to temporarily suppress the notice","File":"\/Users\/pepic__ervin\/Documents\/Development\/Web_dev\/PHP_apps\/WordpressProjects\/GlobeAbc\/wp-content\/plugins\/woocommerce\/packages\/action-scheduler\/classes\/ActionScheduler_DateTime.php","Line":48}

Jan 30 2022 12:39:29
{"Number":8192,"Message":"Return type of ActionScheduler_DateTime::getTimestamp() should either be compatible with DateTime::getTimestamp(): int, or the #[\\ReturnTypeWillChange] attribute should be used to temporarily suppress the notice","File":"\/Users\/pepic__ervin\/Documents\/Development\/Web_dev\/PHP_apps\/WordpressProjects\/GlobeAbc\/wp-content\/plugins\/woocommerce\/packages\/action-scheduler\/classes\/ActionScheduler_DateTime.php","Line":27}

Jan 30 2022 12:39:29
{"Number":8192,"Message":"DateTime::__construct(): Passing null to parameter #1 ($datetime) of type string is deprecated","File":"\/Users\/pepic__ervin\/Documents\/Development\/Web_dev\/PHP_apps\/WordpressProjects\/GlobeAbc\/wp-content\/plugins\/woocommerce\/packages\/action-scheduler\/functions.php","Line":316}

Jan 30 2022 12:39:29
{"type":8192,"message":"ltrim(): Passing null to parameter #1 ($string) of type string is deprecated","file":"\/Users\/pepic__ervin\/Documents\/Development\/Web_dev\/PHP_apps\/WordpressProjects\/GlobeAbc\/wp-includes\/wp-db.php","line":3030}

Jan 30 2022 12:39:30
{"type":8192,"message":"ltrim(): Passing null to parameter #1 ($string) of type string is deprecated","file":"\/Users\/pepic__ervin\/Documents\/Development\/Web_dev\/PHP_apps\/WordpressProjects\/GlobeAbc\/wp-includes\/wp-db.php","line":3030}

Jan 30 2022 12:39:31
{"type":8192,"message":"ltrim(): Passing null to parameter #1 ($string) of type string is deprecated","file":"\/Users\/pepic__ervin\/Documents\/Development\/Web_dev\/PHP_apps\/WordpressProjects\/GlobeAbc\/wp-includes\/wp-db.php","line":3030}

Jan 30 2022 12:39:33
{"type":8192,"message":"ltrim(): Passing null to parameter #1 ($string) of type string is deprecated","file":"\/Users\/pepic__ervin\/Documents\/Development\/Web_dev\/PHP_apps\/WordpressProjects\/GlobeAbc\/wp-includes\/wp-db.php","line":3030}

Jan 30 2022 12:39:34
{"type":8192,"message":"ltrim(): Passing null to parameter #1 ($string) of type string is deprecated","file":"\/Users\/pepic__ervin\/Documents\/Development\/Web_dev\/PHP_apps\/WordpressProjects\/GlobeAbc\/wp-includes\/wp-db.php","line":3030}

Jan 30 2022 12:39:35
{"type":8192,"message":"ltrim(): Passing null to parameter #1 ($string) of type string is deprecated","file":"\/Users\/pepic__ervin\/Documents\/Development\/Web_dev\/PHP_apps\/WordpressProjects\/GlobeAbc\/wp-includes\/wp-db.php","line":3030}

Jan 30 2022 12:39:36
{"type":8192,"message":"ltrim(): Passing null to parameter #1 ($string) of type string is deprecated","file":"\/Users\/pepic__ervin\/Documents\/Development\/Web_dev\/PHP_apps\/WordpressProjects\/GlobeAbc\/wp-includes\/wp-db.php","line":3030}

Jan 30 2022 12:39:37
{"type":8192,"message":"ltrim(): Passing null to parameter #1 ($string) of type string is deprecated","file":"\/Users\/pepic__ervin\/Documents\/Development\/Web_dev\/PHP_apps\/WordpressProjects\/GlobeAbc\/wp-includes\/wp-db.php","line":3030}

Jan 30 2022 12:39:38
{"type":8192,"message":"ltrim(): Passing null to parameter #1 ($string) of type string is deprecated","file":"\/Users\/pepic__ervin\/Documents\/Development\/Web_dev\/PHP_apps\/WordpressProjects\/GlobeAbc\/wp-includes\/wp-db.php","line":3030}

Jan 30 2022 12:39:39
{"type":8192,"message":"ltrim(): Passing null to parameter #1 ($string) of type string is deprecated","file":"\/Users\/pepic__ervin\/Documents\/Development\/Web_dev\/PHP_apps\/WordpressProjects\/GlobeAbc\/wp-includes\/wp-db.php","line":3030}

Jan 30 2022 12:39:40
{"type":8192,"message":"ltrim(): Passing null to parameter #1 ($string) of type string is deprecated","file":"\/Users\/pepic__ervin\/Documents\/Development\/Web_dev\/PHP_apps\/WordpressProjects\/GlobeAbc\/wp-includes\/wp-db.php","line":3030}

Jan 30 2022 12:39:42
{"type":8192,"message":"ltrim(): Passing null to parameter #1 ($string) of type string is deprecated","file":"\/Users\/pepic__ervin\/Documents\/Development\/Web_dev\/PHP_apps\/WordpressProjects\/GlobeAbc\/wp-includes\/wp-db.php","line":3030}

Jan 30 2022 12:39:43
{"type":8192,"message":"ltrim(): Passing null to parameter #1 ($string) of type string is deprecated","file":"\/Users\/pepic__ervin\/Documents\/Development\/Web_dev\/PHP_apps\/WordpressProjects\/GlobeAbc\/wp-includes\/wp-db.php","line":3030}

Jan 30 2022 12:39:44
{"type":8192,"message":"ltrim(): Passing null to parameter #1 ($string) of type string is deprecated","file":"\/Users\/pepic__ervin\/Documents\/Development\/Web_dev\/PHP_apps\/WordpressProjects\/GlobeAbc\/wp-includes\/wp-db.php","line":3030}

Jan 30 2022 12:39:45
{"type":8192,"message":"ltrim(): Passing null to parameter #1 ($string) of type string is deprecated","file":"\/Users\/pepic__ervin\/Documents\/Development\/Web_dev\/PHP_apps\/WordpressProjects\/GlobeAbc\/wp-includes\/wp-db.php","line":3030}

Jan 30 2022 12:39:46
{"type":8192,"message":"ltrim(): Passing null to parameter #1 ($string) of type string is deprecated","file":"\/Users\/pepic__ervin\/Documents\/Development\/Web_dev\/PHP_apps\/WordpressProjects\/GlobeAbc\/wp-includes\/wp-db.php","line":3030}

Jan 30 2022 12:39:47
{"type":8192,"message":"ltrim(): Passing null to parameter #1 ($string) of type string is deprecated","file":"\/Users\/pepic__ervin\/Documents\/Development\/Web_dev\/PHP_apps\/WordpressProjects\/GlobeAbc\/wp-includes\/wp-db.php","line":3030}

Jan 30 2022 12:39:48
{"type":8192,"message":"ltrim(): Passing null to parameter #1 ($string) of type string is deprecated","file":"\/Users\/pepic__ervin\/Documents\/Development\/Web_dev\/PHP_apps\/WordpressProjects\/GlobeAbc\/wp-includes\/wp-db.php","line":3030}

Jan 30 2022 12:39:50
{"type":8192,"message":"ltrim(): Passing null to parameter #1 ($string) of type string is deprecated","file":"\/Users\/pepic__ervin\/Documents\/Development\/Web_dev\/PHP_apps\/WordpressProjects\/GlobeAbc\/wp-includes\/wp-db.php","line":3030}

Jan 30 2022 12:39:51
{"type":8192,"message":"ltrim(): Passing null to parameter #1 ($string) of type string is deprecated","file":"\/Users\/pepic__ervin\/Documents\/Development\/Web_dev\/PHP_apps\/WordpressProjects\/GlobeAbc\/wp-includes\/wp-db.php","line":3030}

Jan 30 2022 12:39:52
{"type":8192,"message":"ltrim(): Passing null to parameter #1 ($string) of type string is deprecated","file":"\/Users\/pepic__ervin\/Documents\/Development\/Web_dev\/PHP_apps\/WordpressProjects\/GlobeAbc\/wp-includes\/wp-db.php","line":3030}

Jan 30 2022 12:39:53
{"type":8192,"message":"ltrim(): Passing null to parameter #1 ($string) of type string is deprecated","file":"\/Users\/pepic__ervin\/Documents\/Development\/Web_dev\/PHP_apps\/WordpressProjects\/GlobeAbc\/wp-includes\/wp-db.php","line":3030}

Jan 30 2022 12:39:54
{"type":8192,"message":"ltrim(): Passing null to parameter #1 ($string) of type string is deprecated","file":"\/Users\/pepic__ervin\/Documents\/Development\/Web_dev\/PHP_apps\/WordpressProjects\/GlobeAbc\/wp-includes\/wp-db.php","line":3030}

Jan 30 2022 12:39:55
{"type":8192,"message":"ltrim(): Passing null to parameter #1 ($string) of type string is deprecated","file":"\/Users\/pepic__ervin\/Documents\/Development\/Web_dev\/PHP_apps\/WordpressProjects\/GlobeAbc\/wp-includes\/wp-db.php","line":3030}

Jan 30 2022 12:39:56
{"type":8192,"message":"ltrim(): Passing null to parameter #1 ($string) of type string is deprecated","file":"\/Users\/pepic__ervin\/Documents\/Development\/Web_dev\/PHP_apps\/WordpressProjects\/GlobeAbc\/wp-includes\/wp-db.php","line":3030}

Jan 30 2022 12:39:58
{"type":8192,"message":"ltrim(): Passing null to parameter #1 ($string) of type string is deprecated","file":"\/Users\/pepic__ervin\/Documents\/Development\/Web_dev\/PHP_apps\/WordpressProjects\/GlobeAbc\/wp-includes\/wp-db.php","line":3030}

Jan 30 2022 12:39:59
{"type":8192,"message":"ltrim(): Passing null to parameter #1 ($string) of type string is deprecated","file":"\/Users\/pepic__ervin\/Documents\/Development\/Web_dev\/PHP_apps\/WordpressProjects\/GlobeAbc\/wp-includes\/wp-db.php","line":3030}

Jan 30 2022 12:40:00
{"type":8192,"message":"ltrim(): Passing null to parameter #1 ($string) of type string is deprecated","file":"\/Users\/pepic__ervin\/Documents\/Development\/Web_dev\/PHP_apps\/WordpressProjects\/GlobeAbc\/wp-includes\/wp-db.php","line":3030}

Jan 30 2022 12:40:01
{"type":8192,"message":"ltrim(): Passing null to parameter #1 ($string) of type string is deprecated","file":"\/Users\/pepic__ervin\/Documents\/Development\/Web_dev\/PHP_apps\/WordpressProjects\/GlobeAbc\/wp-includes\/wp-db.php","line":3030}

Jan 30 2022 12:40:02
{"type":8192,"message":"ltrim(): Passing null to parameter #1 ($string) of type string is deprecated","file":"\/Users\/pepic__ervin\/Documents\/Development\/Web_dev\/PHP_apps\/WordpressProjects\/GlobeAbc\/wp-includes\/wp-db.php","line":3030}

Jan 30 2022 12:40:03
{"type":8192,"message":"ltrim(): Passing null to parameter #1 ($string) of type string is deprecated","file":"\/Users\/pepic__ervin\/Documents\/Development\/Web_dev\/PHP_apps\/WordpressProjects\/GlobeAbc\/wp-includes\/wp-db.php","line":3030}

Jan 30 2022 12:40:04
{"type":8192,"message":"ltrim(): Passing null to parameter #1 ($string) of type string is deprecated","file":"\/Users\/pepic__ervin\/Documents\/Development\/Web_dev\/PHP_apps\/WordpressProjects\/GlobeAbc\/wp-includes\/wp-db.php","line":3030}

Jan 30 2022 12:40:05
{"type":8192,"message":"ltrim(): Passing null to parameter #1 ($string) of type string is deprecated","file":"\/Users\/pepic__ervin\/Documents\/Development\/Web_dev\/PHP_apps\/WordpressProjects\/GlobeAbc\/wp-includes\/wp-db.php","line":3030}

Jan 30 2022 12:40:07
{"type":8192,"message":"ltrim(): Passing null to parameter #1 ($string) of type string is deprecated","file":"\/Users\/pepic__ervin\/Documents\/Development\/Web_dev\/PHP_apps\/WordpressProjects\/GlobeAbc\/wp-includes\/wp-db.php","line":3030}

Jan 30 2022 12:40:08
{"type":8192,"message":"ltrim(): Passing null to parameter #1 ($string) of type string is deprecated","file":"\/Users\/pepic__ervin\/Documents\/Development\/Web_dev\/PHP_apps\/WordpressProjects\/GlobeAbc\/wp-includes\/wp-db.php","line":3030}

Jan 30 2022 12:40:09
{"type":8192,"message":"ltrim(): Passing null to parameter #1 ($string) of type string is deprecated","file":"\/Users\/pepic__ervin\/Documents\/Development\/Web_dev\/PHP_apps\/WordpressProjects\/GlobeAbc\/wp-includes\/wp-db.php","line":3030}

Jan 30 2022 12:40:10
{"type":8192,"message":"ltrim(): Passing null to parameter #1 ($string) of type string is deprecated","file":"\/Users\/pepic__ervin\/Documents\/Development\/Web_dev\/PHP_apps\/WordpressProjects\/GlobeAbc\/wp-includes\/wp-db.php","line":3030}

Jan 30 2022 12:40:11
{"type":8192,"message":"ltrim(): Passing null to parameter #1 ($string) of type string is deprecated","file":"\/Users\/pepic__ervin\/Documents\/Development\/Web_dev\/PHP_apps\/WordpressProjects\/GlobeAbc\/wp-includes\/wp-db.php","line":3030}

Jan 30 2022 12:40:12
{"type":8192,"message":"ltrim(): Passing null to parameter #1 ($string) of type string is deprecated","file":"\/Users\/pepic__ervin\/Documents\/Development\/Web_dev\/PHP_apps\/WordpressProjects\/GlobeAbc\/wp-includes\/wp-db.php","line":3030}

Jan 30 2022 12:40:13
{"type":8192,"message":"ltrim(): Passing null to parameter #1 ($string) of type string is deprecated","file":"\/Users\/pepic__ervin\/Documents\/Development\/Web_dev\/PHP_apps\/WordpressProjects\/GlobeAbc\/wp-includes\/wp-db.php","line":3030}

Jan 30 2022 12:40:15
{"type":8192,"message":"ltrim(): Passing null to parameter #1 ($string) of type string is deprecated","file":"\/Users\/pepic__ervin\/Documents\/Development\/Web_dev\/PHP_apps\/WordpressProjects\/GlobeAbc\/wp-includes\/wp-db.php","line":3030}

Jan 30 2022 12:40:16
{"type":8192,"message":"ltrim(): Passing null to parameter #1 ($string) of type string is deprecated","file":"\/Users\/pepic__ervin\/Documents\/Development\/Web_dev\/PHP_apps\/WordpressProjects\/GlobeAbc\/wp-includes\/wp-db.php","line":3030}

Jan 30 2022 12:40:17
{"type":8192,"message":"ltrim(): Passing null to parameter #1 ($string) of type string is deprecated","file":"\/Users\/pepic__ervin\/Documents\/Development\/Web_dev\/PHP_apps\/WordpressProjects\/GlobeAbc\/wp-includes\/wp-db.php","line":3030}

Jan 30 2022 12:40:18
{"type":8192,"message":"ltrim(): Passing null to parameter #1 ($string) of type string is deprecated","file":"\/Users\/pepic__ervin\/Documents\/Development\/Web_dev\/PHP_apps\/WordpressProjects\/GlobeAbc\/wp-includes\/wp-db.php","line":3030}

Jan 30 2022 12:40:19
{"type":8192,"message":"ltrim(): Passing null to parameter #1 ($string) of type string is deprecated","file":"\/Users\/pepic__ervin\/Documents\/Development\/Web_dev\/PHP_apps\/WordpressProjects\/GlobeAbc\/wp-includes\/wp-db.php","line":3030}

Jan 30 2022 12:40:20
{"type":8192,"message":"ltrim(): Passing null to parameter #1 ($string) of type string is deprecated","file":"\/Users\/pepic__ervin\/Documents\/Development\/Web_dev\/PHP_apps\/WordpressProjects\/GlobeAbc\/wp-includes\/wp-db.php","line":3030}

Jan 30 2022 12:40:21
{"type":8192,"message":"ltrim(): Passing null to parameter #1 ($string) of type string is deprecated","file":"\/Users\/pepic__ervin\/Documents\/Development\/Web_dev\/PHP_apps\/WordpressProjects\/GlobeAbc\/wp-includes\/wp-db.php","line":3030}

Jan 30 2022 12:40:22
{"type":8192,"message":"ltrim(): Passing null to parameter #1 ($string) of type string is deprecated","file":"\/Users\/pepic__ervin\/Documents\/Development\/Web_dev\/PHP_apps\/WordpressProjects\/GlobeAbc\/wp-includes\/wp-db.php","line":3030}

Jan 30 2022 12:40:24
{"type":8192,"message":"ltrim(): Passing null to parameter #1 ($string) of type string is deprecated","file":"\/Users\/pepic__ervin\/Documents\/Development\/Web_dev\/PHP_apps\/WordpressProjects\/GlobeAbc\/wp-includes\/wp-db.php","line":3030}

Jan 30 2022 12:40:25
{"type":8192,"message":"ltrim(): Passing null to parameter #1 ($string) of type string is deprecated","file":"\/Users\/pepic__ervin\/Documents\/Development\/Web_dev\/PHP_apps\/WordpressProjects\/GlobeAbc\/wp-includes\/wp-db.php","line":3030}

Jan 30 2022 12:40:26
{"type":8192,"message":"ltrim(): Passing null to parameter #1 ($string) of type string is deprecated","file":"\/Users\/pepic__ervin\/Documents\/Development\/Web_dev\/PHP_apps\/WordpressProjects\/GlobeAbc\/wp-includes\/wp-db.php","line":3030}

Jan 30 2022 12:40:27
{"type":8192,"message":"ltrim(): Passing null to parameter #1 ($string) of type string is deprecated","file":"\/Users\/pepic__ervin\/Documents\/Development\/Web_dev\/PHP_apps\/WordpressProjects\/GlobeAbc\/wp-includes\/wp-db.php","line":3030}

Jan 30 2022 12:40:27
{"type":8192,"message":"ltrim(): Passing null to parameter #1 ($string) of type string is deprecated","file":"\/Users\/pepic__ervin\/Documents\/Development\/Web_dev\/PHP_apps\/WordpressProjects\/GlobeAbc\/wp-includes\/wp-db.php","line":3030}

Jan 30 2022 12:40:31
{"Number":8192,"Message":"Return type of ActionScheduler_DateTime::setTimezone($timezone) should either be compatible with DateTime::setTimezone(DateTimeZone $timezone): DateTime, or the #[\\ReturnTypeWillChange] attribute should be used to temporarily suppress the notice","File":"\/Users\/pepic__ervin\/Documents\/Development\/Web_dev\/PHP_apps\/WordpressProjects\/GlobeAbc\/wp-content\/plugins\/woocommerce\/packages\/action-scheduler\/classes\/ActionScheduler_DateTime.php","Line":60}

Jan 30 2022 12:40:31
{"Number":8192,"Message":"Return type of ActionScheduler_DateTime::getOffset() should either be compatible with DateTime::getOffset(): int, or the #[\\ReturnTypeWillChange] attribute should be used to temporarily suppress the notice","File":"\/Users\/pepic__ervin\/Documents\/Development\/Web_dev\/PHP_apps\/WordpressProjects\/GlobeAbc\/wp-content\/plugins\/woocommerce\/packages\/action-scheduler\/classes\/ActionScheduler_DateTime.php","Line":48}

Jan 30 2022 12:40:31
{"Number":8192,"Message":"Return type of ActionScheduler_DateTime::getTimestamp() should either be compatible with DateTime::getTimestamp(): int, or the #[\\ReturnTypeWillChange] attribute should be used to temporarily suppress the notice","File":"\/Users\/pepic__ervin\/Documents\/Development\/Web_dev\/PHP_apps\/WordpressProjects\/GlobeAbc\/wp-content\/plugins\/woocommerce\/packages\/action-scheduler\/classes\/ActionScheduler_DateTime.php","Line":27}

Jan 30 2022 12:40:31
{"Number":8192,"Message":"DateTime::__construct(): Passing null to parameter #1 ($datetime) of type string is deprecated","File":"\/Users\/pepic__ervin\/Documents\/Development\/Web_dev\/PHP_apps\/WordpressProjects\/GlobeAbc\/wp-content\/plugins\/woocommerce\/packages\/action-scheduler\/functions.php","Line":316}

Jan 30 2022 12:40:31
{"type":8192,"message":"ltrim(): Passing null to parameter #1 ($string) of type string is deprecated","file":"\/Users\/pepic__ervin\/Documents\/Development\/Web_dev\/PHP_apps\/WordpressProjects\/GlobeAbc\/wp-includes\/wp-db.php","line":3030}

Jan 30 2022 16:06:36
{"type":8192,"message":"ltrim(): Passing null to parameter #1 ($string) of type string is deprecated","file":"\/Users\/pepic__ervin\/Documents\/Development\/Web_dev\/PHP_apps\/WordpressProjects\/GlobeAbc\/wp-includes\/wp-db.php","line":3030}

Jan 30 2022 16:06:37
{"type":8192,"message":"ltrim(): Passing null to parameter #1 ($string) of type string is deprecated","file":"\/Users\/pepic__ervin\/Documents\/Development\/Web_dev\/PHP_apps\/WordpressProjects\/GlobeAbc\/wp-includes\/wp-db.php","line":3030}

Jan 30 2022 16:06:38
{"type":8192,"message":"ltrim(): Passing null to parameter #1 ($string) of type string is deprecated","file":"\/Users\/pepic__ervin\/Documents\/Development\/Web_dev\/PHP_apps\/WordpressProjects\/GlobeAbc\/wp-includes\/wp-db.php","line":3030}

Jan 30 2022 16:06:43
{"type":8192,"message":"ltrim(): Passing null to parameter #1 ($string) of type string is deprecated","file":"\/Users\/pepic__ervin\/Documents\/Development\/Web_dev\/PHP_apps\/WordpressProjects\/GlobeAbc\/wp-includes\/wp-db.php","line":3030}

Jan 30 2022 16:06:44
{"type":8192,"message":"ltrim(): Passing null to parameter #1 ($string) of type string is deprecated","file":"\/Users\/pepic__ervin\/Documents\/Development\/Web_dev\/PHP_apps\/WordpressProjects\/GlobeAbc\/wp-includes\/wp-db.php","line":3030}

Jan 30 2022 16:06:46
{"type":8192,"message":"ltrim(): Passing null to parameter #1 ($string) of type string is deprecated","file":"\/Users\/pepic__ervin\/Documents\/Development\/Web_dev\/PHP_apps\/WordpressProjects\/GlobeAbc\/wp-includes\/wp-db.php","line":3030}

Jan 30 2022 16:06:47
{"type":8192,"message":"ltrim(): Passing null to parameter #1 ($string) of type string is deprecated","file":"\/Users\/pepic__ervin\/Documents\/Development\/Web_dev\/PHP_apps\/WordpressProjects\/GlobeAbc\/wp-includes\/wp-db.php","line":3030}

Jan 30 2022 16:06:48
{"type":8192,"message":"ltrim(): Passing null to parameter #1 ($string) of type string is deprecated","file":"\/Users\/pepic__ervin\/Documents\/Development\/Web_dev\/PHP_apps\/WordpressProjects\/GlobeAbc\/wp-includes\/wp-db.php","line":3030}

Jan 30 2022 16:06:49
{"type":8192,"message":"ltrim(): Passing null to parameter #1 ($string) of type string is deprecated","file":"\/Users\/pepic__ervin\/Documents\/Development\/Web_dev\/PHP_apps\/WordpressProjects\/GlobeAbc\/wp-includes\/wp-db.php","line":3030}

Jan 30 2022 16:06:50
{"type":8192,"message":"ltrim(): Passing null to parameter #1 ($string) of type string is deprecated","file":"\/Users\/pepic__ervin\/Documents\/Development\/Web_dev\/PHP_apps\/WordpressProjects\/GlobeAbc\/wp-includes\/wp-db.php","line":3030}

Jan 30 2022 16:06:51
{"type":8192,"message":"ltrim(): Passing null to parameter #1 ($string) of type string is deprecated","file":"\/Users\/pepic__ervin\/Documents\/Development\/Web_dev\/PHP_apps\/WordpressProjects\/GlobeAbc\/wp-includes\/wp-db.php","line":3030}

Jan 30 2022 16:06:52
{"type":8192,"message":"ltrim(): Passing null to parameter #1 ($string) of type string is deprecated","file":"\/Users\/pepic__ervin\/Documents\/Development\/Web_dev\/PHP_apps\/WordpressProjects\/GlobeAbc\/wp-includes\/wp-db.php","line":3030}

Jan 30 2022 16:06:54
{"type":8192,"message":"ltrim(): Passing null to parameter #1 ($string) of type string is deprecated","file":"\/Users\/pepic__ervin\/Documents\/Development\/Web_dev\/PHP_apps\/WordpressProjects\/GlobeAbc\/wp-includes\/wp-db.php","line":3030}

Jan 30 2022 16:06:55
{"Number":8192,"Message":"Return type of ActionScheduler_DateTime::setTimezone($timezone) should either be compatible with DateTime::setTimezone(DateTimeZone $timezone): DateTime, or the #[\\ReturnTypeWillChange] attribute should be used to temporarily suppress the notice","File":"\/Users\/pepic__ervin\/Documents\/Development\/Web_dev\/PHP_apps\/WordpressProjects\/GlobeAbc\/wp-content\/plugins\/woocommerce\/packages\/action-scheduler\/classes\/ActionScheduler_DateTime.php","Line":60}

Jan 30 2022 16:06:55
{"Number":8192,"Message":"Return type of ActionScheduler_DateTime::getOffset() should either be compatible with DateTime::getOffset(): int, or the #[\\ReturnTypeWillChange] attribute should be used to temporarily suppress the notice","File":"\/Users\/pepic__ervin\/Documents\/Development\/Web_dev\/PHP_apps\/WordpressProjects\/GlobeAbc\/wp-content\/plugins\/woocommerce\/packages\/action-scheduler\/classes\/ActionScheduler_DateTime.php","Line":48}

Jan 30 2022 16:06:55
{"Number":8192,"Message":"Return type of ActionScheduler_DateTime::getTimestamp() should either be compatible with DateTime::getTimestamp(): int, or the #[\\ReturnTypeWillChange] attribute should be used to temporarily suppress the notice","File":"\/Users\/pepic__ervin\/Documents\/Development\/Web_dev\/PHP_apps\/WordpressProjects\/GlobeAbc\/wp-content\/plugins\/woocommerce\/packages\/action-scheduler\/classes\/ActionScheduler_DateTime.php","Line":27}

Jan 30 2022 16:06:55
{"Number":8192,"Message":"DateTime::__construct(): Passing null to parameter #1 ($datetime) of type string is deprecated","File":"\/Users\/pepic__ervin\/Documents\/Development\/Web_dev\/PHP_apps\/WordpressProjects\/GlobeAbc\/wp-content\/plugins\/woocommerce\/packages\/action-scheduler\/functions.php","Line":316}

Jan 30 2022 16:06:55
{"type":8192,"message":"ltrim(): Passing null to parameter #1 ($string) of type string is deprecated","file":"\/Users\/pepic__ervin\/Documents\/Development\/Web_dev\/PHP_apps\/WordpressProjects\/GlobeAbc\/wp-includes\/wp-db.php","line":3030}

Jan 30 2022 16:06:56
{"type":8192,"message":"ltrim(): Passing null to parameter #1 ($string) of type string is deprecated","file":"\/Users\/pepic__ervin\/Documents\/Development\/Web_dev\/PHP_apps\/WordpressProjects\/GlobeAbc\/wp-includes\/wp-db.php","line":3030}

Jan 30 2022 16:06:57
{"type":8192,"message":"ltrim(): Passing null to parameter #1 ($string) of type string is deprecated","file":"\/Users\/pepic__ervin\/Documents\/Development\/Web_dev\/PHP_apps\/WordpressProjects\/GlobeAbc\/wp-includes\/wp-db.php","line":3030}

Jan 30 2022 16:06:58
{"type":8192,"message":"ltrim(): Passing null to parameter #1 ($string) of type string is deprecated","file":"\/Users\/pepic__ervin\/Documents\/Development\/Web_dev\/PHP_apps\/WordpressProjects\/GlobeAbc\/wp-includes\/wp-db.php","line":3030}

Jan 30 2022 16:06:59
{"type":8192,"message":"ltrim(): Passing null to parameter #1 ($string) of type string is deprecated","file":"\/Users\/pepic__ervin\/Documents\/Development\/Web_dev\/PHP_apps\/WordpressProjects\/GlobeAbc\/wp-includes\/wp-db.php","line":3030}

Jan 30 2022 16:07:00
{"type":8192,"message":"ltrim(): Passing null to parameter #1 ($string) of type string is deprecated","file":"\/Users\/pepic__ervin\/Documents\/Development\/Web_dev\/PHP_apps\/WordpressProjects\/GlobeAbc\/wp-includes\/wp-db.php","line":3030}

Jan 30 2022 16:07:02
{"type":8192,"message":"ltrim(): Passing null to parameter #1 ($string) of type string is deprecated","file":"\/Users\/pepic__ervin\/Documents\/Development\/Web_dev\/PHP_apps\/WordpressProjects\/GlobeAbc\/wp-includes\/wp-db.php","line":3030}

Jan 30 2022 16:07:03
{"type":8192,"message":"ltrim(): Passing null to parameter #1 ($string) of type string is deprecated","file":"\/Users\/pepic__ervin\/Documents\/Development\/Web_dev\/PHP_apps\/WordpressProjects\/GlobeAbc\/wp-includes\/wp-db.php","line":3030}

Jan 30 2022 16:07:04
{"type":8192,"message":"ltrim(): Passing null to parameter #1 ($string) of type string is deprecated","file":"\/Users\/pepic__ervin\/Documents\/Development\/Web_dev\/PHP_apps\/WordpressProjects\/GlobeAbc\/wp-includes\/wp-db.php","line":3030}

Jan 30 2022 16:07:05
{"type":8192,"message":"ltrim(): Passing null to parameter #1 ($string) of type string is deprecated","file":"\/Users\/pepic__ervin\/Documents\/Development\/Web_dev\/PHP_apps\/WordpressProjects\/GlobeAbc\/wp-includes\/wp-db.php","line":3030}

Jan 30 2022 16:07:06
{"type":8192,"message":"ltrim(): Passing null to parameter #1 ($string) of type string is deprecated","file":"\/Users\/pepic__ervin\/Documents\/Development\/Web_dev\/PHP_apps\/WordpressProjects\/GlobeAbc\/wp-includes\/wp-db.php","line":3030}

Jan 30 2022 16:07:07
{"type":8192,"message":"ltrim(): Passing null to parameter #1 ($string) of type string is deprecated","file":"\/Users\/pepic__ervin\/Documents\/Development\/Web_dev\/PHP_apps\/WordpressProjects\/GlobeAbc\/wp-includes\/wp-db.php","line":3030}

Jan 30 2022 16:07:08
{"type":8192,"message":"ltrim(): Passing null to parameter #1 ($string) of type string is deprecated","file":"\/Users\/pepic__ervin\/Documents\/Development\/Web_dev\/PHP_apps\/WordpressProjects\/GlobeAbc\/wp-includes\/wp-db.php","line":3030}

Jan 30 2022 16:07:09
{"type":8192,"message":"ltrim(): Passing null to parameter #1 ($string) of type string is deprecated","file":"\/Users\/pepic__ervin\/Documents\/Development\/Web_dev\/PHP_apps\/WordpressProjects\/GlobeAbc\/wp-includes\/wp-db.php","line":3030}

Jan 30 2022 16:07:11
{"type":8192,"message":"ltrim(): Passing null to parameter #1 ($string) of type string is deprecated","file":"\/Users\/pepic__ervin\/Documents\/Development\/Web_dev\/PHP_apps\/WordpressProjects\/GlobeAbc\/wp-includes\/wp-db.php","line":3030}

Jan 30 2022 16:07:12
{"type":8192,"message":"ltrim(): Passing null to parameter #1 ($string) of type string is deprecated","file":"\/Users\/pepic__ervin\/Documents\/Development\/Web_dev\/PHP_apps\/WordpressProjects\/GlobeAbc\/wp-includes\/wp-db.php","line":3030}

Jan 30 2022 16:07:13
{"type":8192,"message":"ltrim(): Passing null to parameter #1 ($string) of type string is deprecated","file":"\/Users\/pepic__ervin\/Documents\/Development\/Web_dev\/PHP_apps\/WordpressProjects\/GlobeAbc\/wp-includes\/wp-db.php","line":3030}

Jan 30 2022 16:07:14
{"type":8192,"message":"ltrim(): Passing null to parameter #1 ($string) of type string is deprecated","file":"\/Users\/pepic__ervin\/Documents\/Development\/Web_dev\/PHP_apps\/WordpressProjects\/GlobeAbc\/wp-includes\/wp-db.php","line":3030}

Jan 30 2022 16:07:15
{"type":8192,"message":"ltrim(): Passing null to parameter #1 ($string) of type string is deprecated","file":"\/Users\/pepic__ervin\/Documents\/Development\/Web_dev\/PHP_apps\/WordpressProjects\/GlobeAbc\/wp-includes\/wp-db.php","line":3030}

Jan 30 2022 16:07:16
{"type":8192,"message":"ltrim(): Passing null to parameter #1 ($string) of type string is deprecated","file":"\/Users\/pepic__ervin\/Documents\/Development\/Web_dev\/PHP_apps\/WordpressProjects\/GlobeAbc\/wp-includes\/wp-db.php","line":3030}

Jan 30 2022 16:07:17
{"type":8192,"message":"ltrim(): Passing null to parameter #1 ($string) of type string is deprecated","file":"\/Users\/pepic__ervin\/Documents\/Development\/Web_dev\/PHP_apps\/WordpressProjects\/GlobeAbc\/wp-includes\/wp-db.php","line":3030}

Jan 30 2022 16:07:18
{"type":8192,"message":"ltrim(): Passing null to parameter #1 ($string) of type string is deprecated","file":"\/Users\/pepic__ervin\/Documents\/Development\/Web_dev\/PHP_apps\/WordpressProjects\/GlobeAbc\/wp-includes\/wp-db.php","line":3030}

Jan 30 2022 16:07:20
{"type":8192,"message":"ltrim(): Passing null to parameter #1 ($string) of type string is deprecated","file":"\/Users\/pepic__ervin\/Documents\/Development\/Web_dev\/PHP_apps\/WordpressProjects\/GlobeAbc\/wp-includes\/wp-db.php","line":3030}

Jan 30 2022 16:07:21
{"type":8192,"message":"ltrim(): Passing null to parameter #1 ($string) of type string is deprecated","file":"\/Users\/pepic__ervin\/Documents\/Development\/Web_dev\/PHP_apps\/WordpressProjects\/GlobeAbc\/wp-includes\/wp-db.php","line":3030}

Jan 30 2022 16:07:22
{"type":8192,"message":"ltrim(): Passing null to parameter #1 ($string) of type string is deprecated","file":"\/Users\/pepic__ervin\/Documents\/Development\/Web_dev\/PHP_apps\/WordpressProjects\/GlobeAbc\/wp-includes\/wp-db.php","line":3030}

Jan 30 2022 16:07:23
{"type":8192,"message":"ltrim(): Passing null to parameter #1 ($string) of type string is deprecated","file":"\/Users\/pepic__ervin\/Documents\/Development\/Web_dev\/PHP_apps\/WordpressProjects\/GlobeAbc\/wp-includes\/wp-db.php","line":3030}

Jan 30 2022 16:07:24
{"type":8192,"message":"ltrim(): Passing null to parameter #1 ($string) of type string is deprecated","file":"\/Users\/pepic__ervin\/Documents\/Development\/Web_dev\/PHP_apps\/WordpressProjects\/GlobeAbc\/wp-includes\/wp-db.php","line":3030}

Jan 30 2022 16:07:25
{"type":8192,"message":"ltrim(): Passing null to parameter #1 ($string) of type string is deprecated","file":"\/Users\/pepic__ervin\/Documents\/Development\/Web_dev\/PHP_apps\/WordpressProjects\/GlobeAbc\/wp-includes\/wp-db.php","line":3030}

Jan 30 2022 16:07:26
{"type":8192,"message":"ltrim(): Passing null to parameter #1 ($string) of type string is deprecated","file":"\/Users\/pepic__ervin\/Documents\/Development\/Web_dev\/PHP_apps\/WordpressProjects\/GlobeAbc\/wp-includes\/wp-db.php","line":3030}

Jan 30 2022 16:07:28
{"type":8192,"message":"ltrim(): Passing null to parameter #1 ($string) of type string is deprecated","file":"\/Users\/pepic__ervin\/Documents\/Development\/Web_dev\/PHP_apps\/WordpressProjects\/GlobeAbc\/wp-includes\/wp-db.php","line":3030}

Jan 30 2022 16:07:29
{"type":8192,"message":"ltrim(): Passing null to parameter #1 ($string) of type string is deprecated","file":"\/Users\/pepic__ervin\/Documents\/Development\/Web_dev\/PHP_apps\/WordpressProjects\/GlobeAbc\/wp-includes\/wp-db.php","line":3030}

Jan 30 2022 16:07:30
{"type":8192,"message":"ltrim(): Passing null to parameter #1 ($string) of type string is deprecated","file":"\/Users\/pepic__ervin\/Documents\/Development\/Web_dev\/PHP_apps\/WordpressProjects\/GlobeAbc\/wp-includes\/wp-db.php","line":3030}

Jan 30 2022 16:07:31
{"type":8192,"message":"ltrim(): Passing null to parameter #1 ($string) of type string is deprecated","file":"\/Users\/pepic__ervin\/Documents\/Development\/Web_dev\/PHP_apps\/WordpressProjects\/GlobeAbc\/wp-includes\/wp-db.php","line":3030}

Jan 30 2022 16:07:32
{"type":8192,"message":"ltrim(): Passing null to parameter #1 ($string) of type string is deprecated","file":"\/Users\/pepic__ervin\/Documents\/Development\/Web_dev\/PHP_apps\/WordpressProjects\/GlobeAbc\/wp-includes\/wp-db.php","line":3030}

Jan 30 2022 16:07:33
{"type":8192,"message":"ltrim(): Passing null to parameter #1 ($string) of type string is deprecated","file":"\/Users\/pepic__ervin\/Documents\/Development\/Web_dev\/PHP_apps\/WordpressProjects\/GlobeAbc\/wp-includes\/wp-db.php","line":3030}

Jan 30 2022 16:07:34
{"type":8192,"message":"ltrim(): Passing null to parameter #1 ($string) of type string is deprecated","file":"\/Users\/pepic__ervin\/Documents\/Development\/Web_dev\/PHP_apps\/WordpressProjects\/GlobeAbc\/wp-includes\/wp-db.php","line":3030}

Jan 30 2022 16:07:35
{"type":8192,"message":"ltrim(): Passing null to parameter #1 ($string) of type string is deprecated","file":"\/Users\/pepic__ervin\/Documents\/Development\/Web_dev\/PHP_apps\/WordpressProjects\/GlobeAbc\/wp-includes\/wp-db.php","line":3030}

Jan 30 2022 16:07:37
{"type":8192,"message":"ltrim(): Passing null to parameter #1 ($string) of type string is deprecated","file":"\/Users\/pepic__ervin\/Documents\/Development\/Web_dev\/PHP_apps\/WordpressProjects\/GlobeAbc\/wp-includes\/wp-db.php","line":3030}

Jan 30 2022 16:07:38
{"type":8192,"message":"ltrim(): Passing null to parameter #1 ($string) of type string is deprecated","file":"\/Users\/pepic__ervin\/Documents\/Development\/Web_dev\/PHP_apps\/WordpressProjects\/GlobeAbc\/wp-includes\/wp-db.php","line":3030}

Jan 30 2022 16:07:39
{"type":8192,"message":"ltrim(): Passing null to parameter #1 ($string) of type string is deprecated","file":"\/Users\/pepic__ervin\/Documents\/Development\/Web_dev\/PHP_apps\/WordpressProjects\/GlobeAbc\/wp-includes\/wp-db.php","line":3030}

Jan 30 2022 16:07:40
{"type":8192,"message":"ltrim(): Passing null to parameter #1 ($string) of type string is deprecated","file":"\/Users\/pepic__ervin\/Documents\/Development\/Web_dev\/PHP_apps\/WordpressProjects\/GlobeAbc\/wp-includes\/wp-db.php","line":3030}

Jan 30 2022 16:07:41
{"type":8192,"message":"ltrim(): Passing null to parameter #1 ($string) of type string is deprecated","file":"\/Users\/pepic__ervin\/Documents\/Development\/Web_dev\/PHP_apps\/WordpressProjects\/GlobeAbc\/wp-includes\/wp-db.php","line":3030}

Jan 30 2022 16:07:42
{"type":8192,"message":"ltrim(): Passing null to parameter #1 ($string) of type string is deprecated","file":"\/Users\/pepic__ervin\/Documents\/Development\/Web_dev\/PHP_apps\/WordpressProjects\/GlobeAbc\/wp-includes\/wp-db.php","line":3030}

Jan 30 2022 16:07:43
{"type":8192,"message":"ltrim(): Passing null to parameter #1 ($string) of type string is deprecated","file":"\/Users\/pepic__ervin\/Documents\/Development\/Web_dev\/PHP_apps\/WordpressProjects\/GlobeAbc\/wp-includes\/wp-db.php","line":3030}

Jan 30 2022 16:07:44
{"type":8192,"message":"ltrim(): Passing null to parameter #1 ($string) of type string is deprecated","file":"\/Users\/pepic__ervin\/Documents\/Development\/Web_dev\/PHP_apps\/WordpressProjects\/GlobeAbc\/wp-includes\/wp-db.php","line":3030}

Jan 30 2022 16:07:46
{"type":8192,"message":"ltrim(): Passing null to parameter #1 ($string) of type string is deprecated","file":"\/Users\/pepic__ervin\/Documents\/Development\/Web_dev\/PHP_apps\/WordpressProjects\/GlobeAbc\/wp-includes\/wp-db.php","line":3030}

Jan 30 2022 16:07:47
{"type":8192,"message":"ltrim(): Passing null to parameter #1 ($string) of type string is deprecated","file":"\/Users\/pepic__ervin\/Documents\/Development\/Web_dev\/PHP_apps\/WordpressProjects\/GlobeAbc\/wp-includes\/wp-db.php","line":3030}

Jan 30 2022 16:07:48
{"type":8192,"message":"ltrim(): Passing null to parameter #1 ($string) of type string is deprecated","file":"\/Users\/pepic__ervin\/Documents\/Development\/Web_dev\/PHP_apps\/WordpressProjects\/GlobeAbc\/wp-includes\/wp-db.php","line":3030}

Jan 30 2022 16:07:49
{"type":8192,"message":"ltrim(): Passing null to parameter #1 ($string) of type string is deprecated","file":"\/Users\/pepic__ervin\/Documents\/Development\/Web_dev\/PHP_apps\/WordpressProjects\/GlobeAbc\/wp-includes\/wp-db.php","line":3030}

Jan 30 2022 16:07:50
{"type":8192,"message":"ltrim(): Passing null to parameter #1 ($string) of type string is deprecated","file":"\/Users\/pepic__ervin\/Documents\/Development\/Web_dev\/PHP_apps\/WordpressProjects\/GlobeAbc\/wp-includes\/wp-db.php","line":3030}

Jan 30 2022 16:07:51
{"type":8192,"message":"ltrim(): Passing null to parameter #1 ($string) of type string is deprecated","file":"\/Users\/pepic__ervin\/Documents\/Development\/Web_dev\/PHP_apps\/WordpressProjects\/GlobeAbc\/wp-includes\/wp-db.php","line":3030}

Jan 30 2022 16:07:52
{"type":8192,"message":"ltrim(): Passing null to parameter #1 ($string) of type string is deprecated","file":"\/Users\/pepic__ervin\/Documents\/Development\/Web_dev\/PHP_apps\/WordpressProjects\/GlobeAbc\/wp-includes\/wp-db.php","line":3030}

Jan 30 2022 16:07:54
{"type":8192,"message":"ltrim(): Passing null to parameter #1 ($string) of type string is deprecated","file":"\/Users\/pepic__ervin\/Documents\/Development\/Web_dev\/PHP_apps\/WordpressProjects\/GlobeAbc\/wp-includes\/wp-db.php","line":3030}

Jan 30 2022 16:07:55
{"type":8192,"message":"ltrim(): Passing null to parameter #1 ($string) of type string is deprecated","file":"\/Users\/pepic__ervin\/Documents\/Development\/Web_dev\/PHP_apps\/WordpressProjects\/GlobeAbc\/wp-includes\/wp-db.php","line":3030}

Jan 30 2022 16:07:56
{"Number":8192,"Message":"Return type of ActionScheduler_DateTime::setTimezone($timezone) should either be compatible with DateTime::setTimezone(DateTimeZone $timezone): DateTime, or the #[\\ReturnTypeWillChange] attribute should be used to temporarily suppress the notice","File":"\/Users\/pepic__ervin\/Documents\/Development\/Web_dev\/PHP_apps\/WordpressProjects\/GlobeAbc\/wp-content\/plugins\/woocommerce\/packages\/action-scheduler\/classes\/ActionScheduler_DateTime.php","Line":60}

Jan 30 2022 16:07:56
{"Number":8192,"Message":"Return type of ActionScheduler_DateTime::getOffset() should either be compatible with DateTime::getOffset(): int, or the #[\\ReturnTypeWillChange] attribute should be used to temporarily suppress the notice","File":"\/Users\/pepic__ervin\/Documents\/Development\/Web_dev\/PHP_apps\/WordpressProjects\/GlobeAbc\/wp-content\/plugins\/woocommerce\/packages\/action-scheduler\/classes\/ActionScheduler_DateTime.php","Line":48}

Jan 30 2022 16:07:56
{"Number":8192,"Message":"Return type of ActionScheduler_DateTime::getTimestamp() should either be compatible with DateTime::getTimestamp(): int, or the #[\\ReturnTypeWillChange] attribute should be used to temporarily suppress the notice","File":"\/Users\/pepic__ervin\/Documents\/Development\/Web_dev\/PHP_apps\/WordpressProjects\/GlobeAbc\/wp-content\/plugins\/woocommerce\/packages\/action-scheduler\/classes\/ActionScheduler_DateTime.php","Line":27}

Jan 30 2022 16:07:56
{"Number":8192,"Message":"DateTime::__construct(): Passing null to parameter #1 ($datetime) of type string is deprecated","File":"\/Users\/pepic__ervin\/Documents\/Development\/Web_dev\/PHP_apps\/WordpressProjects\/GlobeAbc\/wp-content\/plugins\/woocommerce\/packages\/action-scheduler\/functions.php","Line":316}

Jan 30 2022 16:07:56
{"type":8192,"message":"ltrim(): Passing null to parameter #1 ($string) of type string is deprecated","file":"\/Users\/pepic__ervin\/Documents\/Development\/Web_dev\/PHP_apps\/WordpressProjects\/GlobeAbc\/wp-includes\/wp-db.php","line":3030}

Jan 30 2022 16:07:57
{"type":8192,"message":"ltrim(): Passing null to parameter #1 ($string) of type string is deprecated","file":"\/Users\/pepic__ervin\/Documents\/Development\/Web_dev\/PHP_apps\/WordpressProjects\/GlobeAbc\/wp-includes\/wp-db.php","line":3030}

Jan 30 2022 16:07:58
{"type":8192,"message":"ltrim(): Passing null to parameter #1 ($string) of type string is deprecated","file":"\/Users\/pepic__ervin\/Documents\/Development\/Web_dev\/PHP_apps\/WordpressProjects\/GlobeAbc\/wp-includes\/wp-db.php","line":3030}

Jan 30 2022 16:07:59
{"type":8192,"message":"ltrim(): Passing null to parameter #1 ($string) of type string is deprecated","file":"\/Users\/pepic__ervin\/Documents\/Development\/Web_dev\/PHP_apps\/WordpressProjects\/GlobeAbc\/wp-includes\/wp-db.php","line":3030}

Jan 30 2022 16:08:01
{"type":8192,"message":"ltrim(): Passing null to parameter #1 ($string) of type string is deprecated","file":"\/Users\/pepic__ervin\/Documents\/Development\/Web_dev\/PHP_apps\/WordpressProjects\/GlobeAbc\/wp-includes\/wp-db.php","line":3030}

Jan 30 2022 16:08:01
{"type":8192,"message":"ltrim(): Passing null to parameter #1 ($string) of type string is deprecated","file":"\/Users\/pepic__ervin\/Documents\/Development\/Web_dev\/PHP_apps\/WordpressProjects\/GlobeAbc\/wp-includes\/wp-db.php","line":3030}

Jan 30 2022 16:08:02
{"type":8192,"message":"ltrim(): Passing null to parameter #1 ($string) of type string is deprecated","file":"\/Users\/pepic__ervin\/Documents\/Development\/Web_dev\/PHP_apps\/WordpressProjects\/GlobeAbc\/wp-includes\/wp-db.php","line":3030}

Jan 30 2022 16:08:06
{"type":8192,"message":"ltrim(): Passing null to parameter #1 ($string) of type string is deprecated","file":"\/Users\/pepic__ervin\/Documents\/Development\/Web_dev\/PHP_apps\/WordpressProjects\/GlobeAbc\/wp-includes\/wp-db.php","line":3030}

Jan 30 2022 16:08:18
{"type":8192,"message":"ltrim(): Passing null to parameter #1 ($string) of type string is deprecated","file":"\/Users\/pepic__ervin\/Documents\/Development\/Web_dev\/PHP_apps\/WordpressProjects\/GlobeAbc\/wp-includes\/wp-db.php","line":3030}

Jan 30 2022 16:08:19
{"type":8192,"message":"ltrim(): Passing null to parameter #1 ($string) of type string is deprecated","file":"\/Users\/pepic__ervin\/Documents\/Development\/Web_dev\/PHP_apps\/WordpressProjects\/GlobeAbc\/wp-includes\/wp-db.php","line":3030}

Jan 30 2022 16:08:20
{"type":8192,"message":"ltrim(): Passing null to parameter #1 ($string) of type string is deprecated","file":"\/Users\/pepic__ervin\/Documents\/Development\/Web_dev\/PHP_apps\/WordpressProjects\/GlobeAbc\/wp-includes\/wp-db.php","line":3030}

Jan 30 2022 16:08:21
{"type":8192,"message":"ltrim(): Passing null to parameter #1 ($string) of type string is deprecated","file":"\/Users\/pepic__ervin\/Documents\/Development\/Web_dev\/PHP_apps\/WordpressProjects\/GlobeAbc\/wp-includes\/wp-db.php","line":3030}

Jan 30 2022 16:08:27
{"type":8192,"message":"ltrim(): Passing null to parameter #1 ($string) of type string is deprecated","file":"\/Users\/pepic__ervin\/Documents\/Development\/Web_dev\/PHP_apps\/WordpressProjects\/GlobeAbc\/wp-includes\/wp-db.php","line":3030}

Jan 30 2022 16:08:28
{"type":8192,"message":"ltrim(): Passing null to parameter #1 ($string) of type string is deprecated","file":"\/Users\/pepic__ervin\/Documents\/Development\/Web_dev\/PHP_apps\/WordpressProjects\/GlobeAbc\/wp-includes\/wp-db.php","line":3030}

Jan 30 2022 16:08:29
{"type":8192,"message":"ltrim(): Passing null to parameter #1 ($string) of type string is deprecated","file":"\/Users\/pepic__ervin\/Documents\/Development\/Web_dev\/PHP_apps\/WordpressProjects\/GlobeAbc\/wp-includes\/wp-db.php","line":3030}

Jan 30 2022 16:08:32
{"Number":8192,"Message":"rtrim(): Passing null to parameter #1 ($string) of type string is deprecated","File":"\/Users\/pepic__ervin\/Documents\/Development\/Web_dev\/PHP_apps\/WordpressProjects\/GlobeAbc\/wp-includes\/formatting.php","Line":2724}

Jan 30 2022 16:08:32
{"Number":8192,"Message":"rtrim(): Passing null to parameter #1 ($string) of type string is deprecated","File":"\/Users\/pepic__ervin\/Documents\/Development\/Web_dev\/PHP_apps\/WordpressProjects\/GlobeAbc\/wp-includes\/formatting.php","Line":2724}

Jan 30 2022 16:08:32
{"Number":8192,"Message":"rtrim(): Passing null to parameter #1 ($string) of type string is deprecated","File":"\/Users\/pepic__ervin\/Documents\/Development\/Web_dev\/PHP_apps\/WordpressProjects\/GlobeAbc\/wp-includes\/formatting.php","Line":2724}

Jan 30 2022 16:08:32
{"Number":8192,"Message":"rtrim(): Passing null to parameter #1 ($string) of type string is deprecated","File":"\/Users\/pepic__ervin\/Documents\/Development\/Web_dev\/PHP_apps\/WordpressProjects\/GlobeAbc\/wp-includes\/formatting.php","Line":2724}

Jan 30 2022 16:08:32
{"Number":8192,"Message":"rtrim(): Passing null to parameter #1 ($string) of type string is deprecated","File":"\/Users\/pepic__ervin\/Documents\/Development\/Web_dev\/PHP_apps\/WordpressProjects\/GlobeAbc\/wp-includes\/formatting.php","Line":2724}

Jan 30 2022 16:08:32
{"Number":8192,"Message":"rtrim(): Passing null to parameter #1 ($string) of type string is deprecated","File":"\/Users\/pepic__ervin\/Documents\/Development\/Web_dev\/PHP_apps\/WordpressProjects\/GlobeAbc\/wp-includes\/formatting.php","Line":2724}

Jan 30 2022 16:08:32
{"Number":8192,"Message":"rtrim(): Passing null to parameter #1 ($string) of type string is deprecated","File":"\/Users\/pepic__ervin\/Documents\/Development\/Web_dev\/PHP_apps\/WordpressProjects\/GlobeAbc\/wp-includes\/formatting.php","Line":2724}

Jan 30 2022 16:08:32
{"Number":8192,"Message":"rtrim(): Passing null to parameter #1 ($string) of type string is deprecated","File":"\/Users\/pepic__ervin\/Documents\/Development\/Web_dev\/PHP_apps\/WordpressProjects\/GlobeAbc\/wp-includes\/formatting.php","Line":2724}

Jan 30 2022 16:08:32
{"Number":8192,"Message":"rtrim(): Passing null to parameter #1 ($string) of type string is deprecated","File":"\/Users\/pepic__ervin\/Documents\/Development\/Web_dev\/PHP_apps\/WordpressProjects\/GlobeAbc\/wp-includes\/formatting.php","Line":2724}

Jan 30 2022 16:08:32
{"Number":8192,"Message":"rtrim(): Passing null to parameter #1 ($string) of type string is deprecated","File":"\/Users\/pepic__ervin\/Documents\/Development\/Web_dev\/PHP_apps\/WordpressProjects\/GlobeAbc\/wp-includes\/formatting.php","Line":2724}

Jan 30 2022 16:08:32
{"Number":8192,"Message":"rtrim(): Passing null to parameter #1 ($string) of type string is deprecated","File":"\/Users\/pepic__ervin\/Documents\/Development\/Web_dev\/PHP_apps\/WordpressProjects\/GlobeAbc\/wp-includes\/formatting.php","Line":2724}

Jan 30 2022 16:08:32
{"Number":8192,"Message":"rtrim(): Passing null to parameter #1 ($string) of type string is deprecated","File":"\/Users\/pepic__ervin\/Documents\/Development\/Web_dev\/PHP_apps\/WordpressProjects\/GlobeAbc\/wp-includes\/formatting.php","Line":2724}

Jan 30 2022 16:08:32
{"Number":8192,"Message":"rtrim(): Passing null to parameter #1 ($string) of type string is deprecated","File":"\/Users\/pepic__ervin\/Documents\/Development\/Web_dev\/PHP_apps\/WordpressProjects\/GlobeAbc\/wp-includes\/formatting.php","Line":2724}

Jan 30 2022 16:08:32
{"Number":8192,"Message":"rtrim(): Passing null to parameter #1 ($string) of type string is deprecated","File":"\/Users\/pepic__ervin\/Documents\/Development\/Web_dev\/PHP_apps\/WordpressProjects\/GlobeAbc\/wp-includes\/formatting.php","Line":2724}

Jan 30 2022 16:08:32
{"Number":8192,"Message":"rtrim(): Passing null to parameter #1 ($string) of type string is deprecated","File":"\/Users\/pepic__ervin\/Documents\/Development\/Web_dev\/PHP_apps\/WordpressProjects\/GlobeAbc\/wp-includes\/formatting.php","Line":2724}

Jan 30 2022 16:08:32
{"Number":8192,"Message":"rtrim(): Passing null to parameter #1 ($string) of type string is deprecated","File":"\/Users\/pepic__ervin\/Documents\/Development\/Web_dev\/PHP_apps\/WordpressProjects\/GlobeAbc\/wp-includes\/formatting.php","Line":2724}

Jan 30 2022 16:08:32
{"Number":8192,"Message":"rtrim(): Passing null to parameter #1 ($string) of type string is deprecated","File":"\/Users\/pepic__ervin\/Documents\/Development\/Web_dev\/PHP_apps\/WordpressProjects\/GlobeAbc\/wp-includes\/formatting.php","Line":2724}

Jan 30 2022 16:08:32
{"Number":8192,"Message":"rtrim(): Passing null to parameter #1 ($string) of type string is deprecated","File":"\/Users\/pepic__ervin\/Documents\/Development\/Web_dev\/PHP_apps\/WordpressProjects\/GlobeAbc\/wp-includes\/formatting.php","Line":2724}

Jan 30 2022 16:08:32
{"Number":8192,"Message":"rtrim(): Passing null to parameter #1 ($string) of type string is deprecated","File":"\/Users\/pepic__ervin\/Documents\/Development\/Web_dev\/PHP_apps\/WordpressProjects\/GlobeAbc\/wp-includes\/formatting.php","Line":2724}

Jan 30 2022 16:08:32
{"Number":8192,"Message":"rtrim(): Passing null to parameter #1 ($string) of type string is deprecated","File":"\/Users\/pepic__ervin\/Documents\/Development\/Web_dev\/PHP_apps\/WordpressProjects\/GlobeAbc\/wp-includes\/formatting.php","Line":2724}

Jan 30 2022 16:08:32
{"Number":8192,"Message":"rtrim(): Passing null to parameter #1 ($string) of type string is deprecated","File":"\/Users\/pepic__ervin\/Documents\/Development\/Web_dev\/PHP_apps\/WordpressProjects\/GlobeAbc\/wp-includes\/formatting.php","Line":2724}

Jan 30 2022 16:08:32
{"Number":8192,"Message":"rtrim(): Passing null to parameter #1 ($string) of type string is deprecated","File":"\/Users\/pepic__ervin\/Documents\/Development\/Web_dev\/PHP_apps\/WordpressProjects\/GlobeAbc\/wp-includes\/formatting.php","Line":2724}

Jan 30 2022 16:08:32
{"Number":8192,"Message":"rtrim(): Passing null to parameter #1 ($string) of type string is deprecated","File":"\/Users\/pepic__ervin\/Documents\/Development\/Web_dev\/PHP_apps\/WordpressProjects\/GlobeAbc\/wp-includes\/formatting.php","Line":2724}

Jan 30 2022 16:08:32
{"Number":8192,"Message":"rtrim(): Passing null to parameter #1 ($string) of type string is deprecated","File":"\/Users\/pepic__ervin\/Documents\/Development\/Web_dev\/PHP_apps\/WordpressProjects\/GlobeAbc\/wp-includes\/formatting.php","Line":2724}

Jan 30 2022 16:08:32
{"Number":8192,"Message":"rtrim(): Passing null to parameter #1 ($string) of type string is deprecated","File":"\/Users\/pepic__ervin\/Documents\/Development\/Web_dev\/PHP_apps\/WordpressProjects\/GlobeAbc\/wp-includes\/formatting.php","Line":2724}

Jan 30 2022 16:08:32
{"Number":8192,"Message":"rtrim(): Passing null to parameter #1 ($string) of type string is deprecated","File":"\/Users\/pepic__ervin\/Documents\/Development\/Web_dev\/PHP_apps\/WordpressProjects\/GlobeAbc\/wp-includes\/formatting.php","Line":2724}

Jan 30 2022 16:08:32
{"Number":8192,"Message":"rtrim(): Passing null to parameter #1 ($string) of type string is deprecated","File":"\/Users\/pepic__ervin\/Documents\/Development\/Web_dev\/PHP_apps\/WordpressProjects\/GlobeAbc\/wp-includes\/formatting.php","Line":2724}

Jan 30 2022 16:08:32
{"Number":8192,"Message":"rtrim(): Passing null to parameter #1 ($string) of type string is deprecated","File":"\/Users\/pepic__ervin\/Documents\/Development\/Web_dev\/PHP_apps\/WordpressProjects\/GlobeAbc\/wp-includes\/formatting.php","Line":2724}

Jan 30 2022 16:08:32
{"Number":8192,"Message":"rtrim(): Passing null to parameter #1 ($string) of type string is deprecated","File":"\/Users\/pepic__ervin\/Documents\/Development\/Web_dev\/PHP_apps\/WordpressProjects\/GlobeAbc\/wp-includes\/formatting.php","Line":2724}

Jan 30 2022 16:08:32
{"Number":8192,"Message":"rtrim(): Passing null to parameter #1 ($string) of type string is deprecated","File":"\/Users\/pepic__ervin\/Documents\/Development\/Web_dev\/PHP_apps\/WordpressProjects\/GlobeAbc\/wp-includes\/formatting.php","Line":2724}

Jan 30 2022 16:08:32
{"Number":8192,"Message":"rtrim(): Passing null to parameter #1 ($string) of type string is deprecated","File":"\/Users\/pepic__ervin\/Documents\/Development\/Web_dev\/PHP_apps\/WordpressProjects\/GlobeAbc\/wp-includes\/formatting.php","Line":2724}

Jan 30 2022 16:08:32
{"Number":8192,"Message":"rtrim(): Passing null to parameter #1 ($string) of type string is deprecated","File":"\/Users\/pepic__ervin\/Documents\/Development\/Web_dev\/PHP_apps\/WordpressProjects\/GlobeAbc\/wp-includes\/formatting.php","Line":2724}

Jan 30 2022 16:08:32
{"Number":8192,"Message":"rtrim(): Passing null to parameter #1 ($string) of type string is deprecated","File":"\/Users\/pepic__ervin\/Documents\/Development\/Web_dev\/PHP_apps\/WordpressProjects\/GlobeAbc\/wp-includes\/formatting.php","Line":2724}

Jan 30 2022 16:08:32
{"Number":8192,"Message":"rtrim(): Passing null to parameter #1 ($string) of type string is deprecated","File":"\/Users\/pepic__ervin\/Documents\/Development\/Web_dev\/PHP_apps\/WordpressProjects\/GlobeAbc\/wp-includes\/formatting.php","Line":2724}

Jan 30 2022 16:08:32
{"Number":8192,"Message":"rtrim(): Passing null to parameter #1 ($string) of type string is deprecated","File":"\/Users\/pepic__ervin\/Documents\/Development\/Web_dev\/PHP_apps\/WordpressProjects\/GlobeAbc\/wp-includes\/formatting.php","Line":2724}

Jan 30 2022 16:08:32
{"Number":8192,"Message":"rtrim(): Passing null to parameter #1 ($string) of type string is deprecated","File":"\/Users\/pepic__ervin\/Documents\/Development\/Web_dev\/PHP_apps\/WordpressProjects\/GlobeAbc\/wp-includes\/formatting.php","Line":2724}

Jan 30 2022 16:08:39
{"Number":8192,"Message":"Return type of ActionScheduler_DateTime::setTimezone($timezone) should either be compatible with DateTime::setTimezone(DateTimeZone $timezone): DateTime, or the #[\\ReturnTypeWillChange] attribute should be used to temporarily suppress the notice","File":"\/Users\/pepic__ervin\/Documents\/Development\/Web_dev\/PHP_apps\/WordpressProjects\/GlobeAbc\/wp-content\/plugins\/woocommerce\/packages\/action-scheduler\/classes\/ActionScheduler_DateTime.php","Line":60}

Jan 30 2022 16:08:39
{"Number":8192,"Message":"Return type of ActionScheduler_DateTime::getOffset() should either be compatible with DateTime::getOffset(): int, or the #[\\ReturnTypeWillChange] attribute should be used to temporarily suppress the notice","File":"\/Users\/pepic__ervin\/Documents\/Development\/Web_dev\/PHP_apps\/WordpressProjects\/GlobeAbc\/wp-content\/plugins\/woocommerce\/packages\/action-scheduler\/classes\/ActionScheduler_DateTime.php","Line":48}

Jan 30 2022 16:08:39
{"Number":8192,"Message":"Return type of ActionScheduler_DateTime::getTimestamp() should either be compatible with DateTime::getTimestamp(): int, or the #[\\ReturnTypeWillChange] attribute should be used to temporarily suppress the notice","File":"\/Users\/pepic__ervin\/Documents\/Development\/Web_dev\/PHP_apps\/WordpressProjects\/GlobeAbc\/wp-content\/plugins\/woocommerce\/packages\/action-scheduler\/classes\/ActionScheduler_DateTime.php","Line":27}

Jan 30 2022 16:08:39
{"Number":8192,"Message":"DateTime::__construct(): Passing null to parameter #1 ($datetime) of type string is deprecated","File":"\/Users\/pepic__ervin\/Documents\/Development\/Web_dev\/PHP_apps\/WordpressProjects\/GlobeAbc\/wp-content\/plugins\/woocommerce\/packages\/action-scheduler\/functions.php","Line":316}

Jan 30 2022 16:08:39
{"type":8192,"message":"ltrim(): Passing null to parameter #1 ($string) of type string is deprecated","file":"\/Users\/pepic__ervin\/Documents\/Development\/Web_dev\/PHP_apps\/WordpressProjects\/GlobeAbc\/wp-includes\/wp-db.php","line":3030}

Jan 30 2022 16:08:40
{"type":8192,"message":"ltrim(): Passing null to parameter #1 ($string) of type string is deprecated","file":"\/Users\/pepic__ervin\/Documents\/Development\/Web_dev\/PHP_apps\/WordpressProjects\/GlobeAbc\/wp-includes\/wp-db.php","line":3030}

Jan 30 2022 16:08:40
{"type":8192,"message":"Return type of Requests_Utility_CaseInsensitiveDictionary::getIterator() should either be compatible with IteratorAggregate::getIterator(): Traversable, or the #[\\ReturnTypeWillChange] attribute should be used to temporarily suppress the notice","file":"\/Users\/pepic__ervin\/Documents\/Development\/Web_dev\/PHP_apps\/WordpressProjects\/GlobeAbc\/wp-includes\/Requests\/Utility\/CaseInsensitiveDictionary.php","line":91}

Jan 30 2022 16:08:41
{"type":8192,"message":"Return type of Ai1wm_Recursive_Exclude_Filter::accept() should either be compatible with FilterIterator::accept(): bool, or the #[\\ReturnTypeWillChange] attribute should be used to temporarily suppress the notice","file":"\/Users\/pepic__ervin\/Documents\/Development\/Web_dev\/PHP_apps\/WordpressProjects\/GlobeAbc\/wp-content\/plugins\/all-in-one-wp-migration\/lib\/vendor\/servmask\/filter\/class-ai1wm-recursive-exclude-filter.php","line":43}

Jan 30 2022 16:08:42
{"type":8192,"message":"ltrim(): Passing null to parameter #1 ($string) of type string is deprecated","file":"\/Users\/pepic__ervin\/Documents\/Development\/Web_dev\/PHP_apps\/WordpressProjects\/GlobeAbc\/wp-includes\/wp-db.php","line":3030}

Jan 30 2022 16:08:45
{"type":8192,"message":"ltrim(): Passing null to parameter #1 ($string) of type string is deprecated","file":"\/Users\/pepic__ervin\/Documents\/Development\/Web_dev\/PHP_apps\/WordpressProjects\/GlobeAbc\/wp-includes\/wp-db.php","line":3030}

